{"C:\\Users\\gorka\\Desktop\\react-19-noviembre-2024\\curso-react-ts\\src\\App.tsx": {"path":"C:\\Users\\gorka\\Desktop\\react-19-noviembre-2024\\curso-react-ts\\src\\App.tsx","all":false,"statementMap":{"0":{"start":{"line":1,"column":0},"end":{"line":1,"column":18}},"1":{"start":{"line":2,"column":0},"end":{"line":2,"column":44}},"2":{"start":{"line":3,"column":0},"end":{"line":3,"column":64}},"4":{"start":{"line":5,"column":0},"end":{"line":5,"column":19}},"5":{"start":{"line":6,"column":0},"end":{"line":6,"column":10}},"6":{"start":{"line":7,"column":0},"end":{"line":7,"column":25}},"7":{"start":{"line":8,"column":0},"end":{"line":8,"column":18}},"8":{"start":{"line":9,"column":0},"end":{"line":9,"column":26}},"10":{"start":{"line":11,"column":0},"end":{"line":11,"column":1}},"12":{"start":{"line":13,"column":0},"end":{"line":13,"column":18}}},"s":{"0":1,"1":1,"2":1,"4":1,"5":1,"6":1,"7":1,"8":1,"10":1,"12":1},"branchMap":{"0":{"type":"branch","line":5,"loc":{"start":{"line":5,"column":12},"end":{"line":11,"column":1}},"locations":[{"start":{"line":5,"column":12},"end":{"line":11,"column":1}}]}},"b":{"0":[1]},"fnMap":{"0":{"name":"App","decl":{"start":{"line":5,"column":12},"end":{"line":11,"column":1}},"loc":{"start":{"line":5,"column":12},"end":{"line":11,"column":1}},"line":5}},"f":{"0":1}}
,"C:\\Users\\gorka\\Desktop\\react-19-noviembre-2024\\curso-react-ts\\src\\components\\HolaMundo.tsx": {"path":"C:\\Users\\gorka\\Desktop\\react-19-noviembre-2024\\curso-react-ts\\src\\components\\HolaMundo.tsx","all":false,"statementMap":{"0":{"start":{"line":1,"column":0},"end":{"line":1,"column":25}},"1":{"start":{"line":2,"column":0},"end":{"line":2,"column":10}},"2":{"start":{"line":3,"column":0},"end":{"line":3,"column":9}},"3":{"start":{"line":4,"column":0},"end":{"line":4,"column":65}},"4":{"start":{"line":5,"column":0},"end":{"line":5,"column":10}},"6":{"start":{"line":7,"column":0},"end":{"line":7,"column":1}},"8":{"start":{"line":9,"column":0},"end":{"line":9,"column":24}}},"s":{"0":1,"1":1,"2":1,"3":1,"4":1,"6":1,"8":1},"branchMap":{"0":{"type":"branch","line":1,"loc":{"start":{"line":1,"column":18},"end":{"line":7,"column":1}},"locations":[{"start":{"line":1,"column":18},"end":{"line":7,"column":1}}]}},"b":{"0":[1]},"fnMap":{"0":{"name":"HolaMundo","decl":{"start":{"line":1,"column":18},"end":{"line":7,"column":1}},"loc":{"start":{"line":1,"column":18},"end":{"line":7,"column":1}},"line":1}},"f":{"0":1}}
,"C:\\Users\\gorka\\Desktop\\react-19-noviembre-2024\\curso-react-ts\\src\\components\\TodoList.tsx": {"path":"C:\\Users\\gorka\\Desktop\\react-19-noviembre-2024\\curso-react-ts\\src\\components\\TodoList.tsx","all":false,"statementMap":{"0":{"start":{"line":1,"column":0},"end":{"line":1,"column":49}},"1":{"start":{"line":2,"column":0},"end":{"line":2,"column":34}},"2":{"start":{"line":3,"column":0},"end":{"line":3,"column":61}},"5":{"start":{"line":6,"column":0},"end":{"line":6,"column":24}},"6":{"start":{"line":7,"column":0},"end":{"line":7,"column":45}},"8":{"start":{"line":9,"column":0},"end":{"line":9,"column":44}},"9":{"start":{"line":10,"column":0},"end":{"line":10,"column":29}},"11":{"start":{"line":12,"column":0},"end":{"line":12,"column":20}},"12":{"start":{"line":13,"column":0},"end":{"line":13,"column":3}},"14":{"start":{"line":15,"column":0},"end":{"line":15,"column":46}},"16":{"start":{"line":17,"column":0},"end":{"line":17,"column":13}},"17":{"start":{"line":18,"column":0},"end":{"line":18,"column":3}},"18":{"start":{"line":19,"column":0},"end":{"line":19,"column":10}},"19":{"start":{"line":20,"column":0},"end":{"line":20,"column":9}},"20":{"start":{"line":21,"column":0},"end":{"line":21,"column":23}},"21":{"start":{"line":22,"column":0},"end":{"line":22,"column":12}},"22":{"start":{"line":23,"column":0},"end":{"line":23,"column":19}},"23":{"start":{"line":24,"column":0},"end":{"line":24,"column":45}},"24":{"start":{"line":25,"column":0},"end":{"line":25,"column":23}},"25":{"start":{"line":26,"column":0},"end":{"line":26,"column":52}},"26":{"start":{"line":27,"column":0},"end":{"line":27,"column":8}},"27":{"start":{"line":28,"column":0},"end":{"line":28,"column":55}},"28":{"start":{"line":29,"column":0},"end":{"line":29,"column":20}},"29":{"start":{"line":30,"column":0},"end":{"line":30,"column":30}},"30":{"start":{"line":31,"column":0},"end":{"line":31,"column":13}},"31":{"start":{"line":32,"column":0},"end":{"line":32,"column":25}},"32":{"start":{"line":33,"column":0},"end":{"line":33,"column":20}},"33":{"start":{"line":34,"column":0},"end":{"line":34,"column":32}},"34":{"start":{"line":35,"column":0},"end":{"line":35,"column":67}},"35":{"start":{"line":36,"column":0},"end":{"line":36,"column":14}},"36":{"start":{"line":37,"column":0},"end":{"line":37,"column":55}},"37":{"start":{"line":38,"column":0},"end":{"line":38,"column":23}},"39":{"start":{"line":40,"column":0},"end":{"line":40,"column":35}},"40":{"start":{"line":41,"column":0},"end":{"line":41,"column":15}},"41":{"start":{"line":42,"column":0},"end":{"line":42,"column":11}},"42":{"start":{"line":43,"column":0},"end":{"line":43,"column":12}},"43":{"start":{"line":44,"column":0},"end":{"line":44,"column":10}},"45":{"start":{"line":46,"column":0},"end":{"line":46,"column":1}},"47":{"start":{"line":48,"column":0},"end":{"line":48,"column":23}}},"s":{"0":1,"1":1,"2":1,"5":1,"6":3,"8":3,"9":3,"11":1,"12":1,"14":3,"16":0,"17":0,"18":3,"19":3,"20":3,"21":3,"22":3,"23":3,"24":3,"25":3,"26":3,"27":3,"28":3,"29":3,"30":4,"31":4,"32":4,"33":4,"34":4,"35":4,"36":4,"37":4,"39":4,"40":4,"41":3,"42":3,"43":3,"45":3,"47":1},"branchMap":{"0":{"type":"branch","line":6,"loc":{"start":{"line":6,"column":17},"end":{"line":46,"column":1}},"locations":[{"start":{"line":6,"column":17},"end":{"line":46,"column":1}}]},"1":{"type":"branch","line":10,"loc":{"start":{"line":10,"column":22},"end":{"line":13,"column":3}},"locations":[{"start":{"line":10,"column":22},"end":{"line":13,"column":3}}]},"2":{"type":"branch","line":26,"loc":{"start":{"line":26,"column":18},"end":{"line":26,"column":52}},"locations":[{"start":{"line":26,"column":18},"end":{"line":26,"column":52}}]},"3":{"type":"branch","line":30,"loc":{"start":{"line":30,"column":19},"end":{"line":41,"column":15}},"locations":[{"start":{"line":30,"column":19},"end":{"line":41,"column":15}}]},"4":{"type":"branch","line":35,"loc":{"start":{"line":35,"column":35},"end":{"line":35,"column":64}},"locations":[{"start":{"line":35,"column":35},"end":{"line":35,"column":64}}]}},"b":{"0":[3],"1":[1],"2":[1],"3":[4],"4":[0]},"fnMap":{"0":{"name":"TodoList","decl":{"start":{"line":6,"column":17},"end":{"line":46,"column":1}},"loc":{"start":{"line":6,"column":17},"end":{"line":46,"column":1}},"line":6},"1":{"name":"handleClick","decl":{"start":{"line":10,"column":22},"end":{"line":13,"column":3}},"loc":{"start":{"line":10,"column":22},"end":{"line":13,"column":3}},"line":10},"2":{"name":"completeSingleTodo","decl":{"start":{"line":15,"column":29},"end":{"line":18,"column":3}},"loc":{"start":{"line":15,"column":29},"end":{"line":18,"column":3}},"line":15},"3":{"name":"onChange","decl":{"start":{"line":26,"column":18},"end":{"line":26,"column":52}},"loc":{"start":{"line":26,"column":18},"end":{"line":26,"column":52}},"line":26},"4":{"name":"onClick","decl":{"start":{"line":37,"column":21},"end":{"line":37,"column":55}},"loc":{"start":{"line":37,"column":21},"end":{"line":37,"column":55}},"line":37}},"f":{"0":3,"1":1,"2":0,"3":1,"4":0}}
,"C:\\Users\\gorka\\Desktop\\react-19-noviembre-2024\\curso-react-ts\\src\\components\\common\\Check.tsx": {"path":"C:\\Users\\gorka\\Desktop\\react-19-noviembre-2024\\curso-react-ts\\src\\components\\common\\Check.tsx","all":false,"statementMap":{"0":{"start":{"line":1,"column":0},"end":{"line":1,"column":21}},"1":{"start":{"line":2,"column":0},"end":{"line":2,"column":10}},"2":{"start":{"line":3,"column":0},"end":{"line":3,"column":8}},"3":{"start":{"line":4,"column":0},"end":{"line":4,"column":16}},"4":{"start":{"line":5,"column":0},"end":{"line":5,"column":17}},"5":{"start":{"line":6,"column":0},"end":{"line":6,"column":25}},"6":{"start":{"line":7,"column":0},"end":{"line":7,"column":17}},"7":{"start":{"line":8,"column":0},"end":{"line":8,"column":40}},"9":{"start":{"line":10,"column":0},"end":{"line":10,"column":11}},"10":{"start":{"line":11,"column":0},"end":{"line":11,"column":377}},"11":{"start":{"line":12,"column":0},"end":{"line":12,"column":27}},"12":{"start":{"line":13,"column":0},"end":{"line":13,"column":26}},"13":{"start":{"line":14,"column":0},"end":{"line":14,"column":26}},"14":{"start":{"line":15,"column":0},"end":{"line":15,"column":14}},"15":{"start":{"line":16,"column":0},"end":{"line":16,"column":10}},"17":{"start":{"line":18,"column":0},"end":{"line":18,"column":1}},"19":{"start":{"line":20,"column":0},"end":{"line":20,"column":20}}},"s":{"0":1,"1":4,"2":4,"3":4,"4":4,"5":4,"6":4,"7":4,"9":4,"10":4,"11":4,"12":4,"13":4,"14":4,"15":4,"17":4,"19":1},"branchMap":{"0":{"type":"branch","line":1,"loc":{"start":{"line":1,"column":14},"end":{"line":18,"column":1}},"locations":[{"start":{"line":1,"column":14},"end":{"line":18,"column":1}}]}},"b":{"0":[4]},"fnMap":{"0":{"name":"Check","decl":{"start":{"line":1,"column":14},"end":{"line":18,"column":1}},"loc":{"start":{"line":1,"column":14},"end":{"line":18,"column":1}},"line":1}},"f":{"0":4}}
,"C:\\Users\\gorka\\Desktop\\react-19-noviembre-2024\\curso-react-ts\\src\\contexts\\TodoContextProvider.tsx": {"path":"C:\\Users\\gorka\\Desktop\\react-19-noviembre-2024\\curso-react-ts\\src\\contexts\\TodoContextProvider.tsx","all":false,"statementMap":{"0":{"start":{"line":1,"column":0},"end":{"line":1,"column":47}},"14":{"start":{"line":15,"column":0},"end":{"line":15,"column":64}},"16":{"start":{"line":17,"column":0},"end":{"line":17,"column":66}},"17":{"start":{"line":18,"column":0},"end":{"line":18,"column":46}},"18":{"start":{"line":19,"column":0},"end":{"line":19,"column":64}},"19":{"start":{"line":20,"column":0},"end":{"line":20,"column":4}},"20":{"start":{"line":21,"column":0},"end":{"line":21,"column":40}},"21":{"start":{"line":22,"column":0},"end":{"line":22,"column":21}},"22":{"start":{"line":23,"column":0},"end":{"line":23,"column":11}},"23":{"start":{"line":24,"column":0},"end":{"line":24,"column":67}},"24":{"start":{"line":25,"column":0},"end":{"line":25,"column":6}},"25":{"start":{"line":26,"column":0},"end":{"line":26,"column":3}},"26":{"start":{"line":27,"column":0},"end":{"line":27,"column":30}},"29":{"start":{"line":30,"column":0},"end":{"line":30,"column":5}},"30":{"start":{"line":31,"column":0},"end":{"line":31,"column":10}},"31":{"start":{"line":32,"column":0},"end":{"line":32,"column":86}},"33":{"start":{"line":34,"column":0},"end":{"line":34,"column":1}},"35":{"start":{"line":36,"column":0},"end":{"line":36,"column":34}}},"s":{"0":1,"14":1,"16":1,"17":2,"18":2,"19":2,"20":2,"21":1,"22":1,"23":1,"24":1,"25":1,"26":2,"29":0,"30":2,"31":2,"33":2,"35":1},"branchMap":{"0":{"type":"branch","line":17,"loc":{"start":{"line":17,"column":28},"end":{"line":34,"column":1}},"locations":[{"start":{"line":17,"column":28},"end":{"line":34,"column":1}}]},"1":{"type":"branch","line":21,"loc":{"start":{"line":21,"column":18},"end":{"line":26,"column":3}},"locations":[{"start":{"line":21,"column":18},"end":{"line":26,"column":3}}]},"2":{"type":"branch","line":22,"loc":{"start":{"line":22,"column":13},"end":{"line":25,"column":5}},"locations":[{"start":{"line":22,"column":13},"end":{"line":25,"column":5}}]}},"b":{"0":[2],"1":[1],"2":[1]},"fnMap":{"0":{"name":"TodoContextProvider","decl":{"start":{"line":17,"column":28},"end":{"line":34,"column":1}},"loc":{"start":{"line":17,"column":28},"end":{"line":34,"column":1}},"line":17},"1":{"name":"addTodo","decl":{"start":{"line":21,"column":18},"end":{"line":26,"column":3}},"loc":{"start":{"line":21,"column":18},"end":{"line":26,"column":3}},"line":21},"2":{"name":"toggleTodo","decl":{"start":{"line":27,"column":23},"end":{"line":30,"column":5}},"loc":{"start":{"line":27,"column":23},"end":{"line":30,"column":5}},"line":27}},"f":{"0":2,"1":1,"2":0}}
}
